<?xml version="1.0" encoding="UTF-8" ?>
<testsuite tests="3" failures="0" name="pedro.ieslaencanta.com.space.Point2DUnitTest" time="0.005" errors="0" skipped="0">
  <properties>
[...]
</properties>
  <testcase classname="pedro.ieslaencanta.com.space.Point2DUnitTest" name="addTest" time="0.005"/>
  <testcase classname="pedro.ieslaencanta.com.space.Point2DUnitTest" name="defaultConstructorTest" time="0"/>
  <testcase classname="pedro.ieslaencanta.com.space.Point2DUnitTest" name="overrideConstructorTest" time="0"/>
</testsuite>